running egg_info
creating ../../build/boat_bridge/boat_bridge.egg-info
writing ../../build/boat_bridge/boat_bridge.egg-info/PKG-INFO
writing dependency_links to ../../build/boat_bridge/boat_bridge.egg-info/dependency_links.txt
writing entry points to ../../build/boat_bridge/boat_bridge.egg-info/entry_points.txt
writing requirements to ../../build/boat_bridge/boat_bridge.egg-info/requires.txt
writing top-level names to ../../build/boat_bridge/boat_bridge.egg-info/top_level.txt
writing manifest file '../../build/boat_bridge/boat_bridge.egg-info/SOURCES.txt'
reading manifest file '../../build/boat_bridge/boat_bridge.egg-info/SOURCES.txt'
writing manifest file '../../build/boat_bridge/boat_bridge.egg-info/SOURCES.txt'
running build
running build_py
creating /home/pimpas/ros2_ws/build/boat_bridge/build
creating /home/pimpas/ros2_ws/build/boat_bridge/build/lib
creating /home/pimpas/ros2_ws/build/boat_bridge/build/lib/boat_bridge
copying boat_bridge/__init__.py -> /home/pimpas/ros2_ws/build/boat_bridge/build/lib/boat_bridge
copying boat_bridge/udp_receiver.py -> /home/pimpas/ros2_ws/build/boat_bridge/build/lib/boat_bridge
running install
running install_lib
creating /home/pimpas/ros2_ws/install/boat_bridge/lib/python3.10/site-packages/boat_bridge
copying /home/pimpas/ros2_ws/build/boat_bridge/build/lib/boat_bridge/__init__.py -> /home/pimpas/ros2_ws/install/boat_bridge/lib/python3.10/site-packages/boat_bridge
copying /home/pimpas/ros2_ws/build/boat_bridge/build/lib/boat_bridge/udp_receiver.py -> /home/pimpas/ros2_ws/install/boat_bridge/lib/python3.10/site-packages/boat_bridge
byte-compiling /home/pimpas/ros2_ws/install/boat_bridge/lib/python3.10/site-packages/boat_bridge/__init__.py to __init__.cpython-310.pyc
byte-compiling /home/pimpas/ros2_ws/install/boat_bridge/lib/python3.10/site-packages/boat_bridge/udp_receiver.py to udp_receiver.cpython-310.pyc
running install_data
creating /home/pimpas/ros2_ws/install/boat_bridge/share/ament_index
creating /home/pimpas/ros2_ws/install/boat_bridge/share/ament_index/resource_index
creating /home/pimpas/ros2_ws/install/boat_bridge/share/ament_index/resource_index/packages
copying resource/boat_bridge -> /home/pimpas/ros2_ws/install/boat_bridge/share/ament_index/resource_index/packages
copying package.xml -> /home/pimpas/ros2_ws/install/boat_bridge/share/boat_bridge
running install_egg_info
Copying ../../build/boat_bridge/boat_bridge.egg-info to /home/pimpas/ros2_ws/install/boat_bridge/lib/python3.10/site-packages/boat_bridge-0.0.0-py3.10.egg-info
running install_scripts
Installing udp_receiver script to /home/pimpas/ros2_ws/install/boat_bridge/lib/boat_bridge
writing list of installed files to '/home/pimpas/ros2_ws/build/boat_bridge/install.log'
