[0.534s] Invoking command in '/home/pimpas/ros2_ws/src/boat_bridge': PYTHONPATH=/home/pimpas/ros2_ws/build/boat_bridge/prefix_override:/usr/lib/python3/dist-packages/colcon_core/task/python/colcon_distutils_commands:/home/pimpas/ros2_ws/install/boat_bridge/lib/python3.10/site-packages:${PYTHONPATH} /usr/bin/python3 -W ignore:setup.py install is deprecated -W ignore:easy_install command is deprecated setup.py egg_info --egg-base ../../build/boat_bridge build --build-base /home/pimpas/ros2_ws/build/boat_bridge/build install --record /home/pimpas/ros2_ws/build/boat_bridge/install.log --single-version-externally-managed install_data
[0.669s] running egg_info
[0.669s] creating ../../build/boat_bridge/boat_bridge.egg-info
[0.670s] writing ../../build/boat_bridge/boat_bridge.egg-info/PKG-INFO
[0.670s] writing dependency_links to ../../build/boat_bridge/boat_bridge.egg-info/dependency_links.txt
[0.670s] writing entry points to ../../build/boat_bridge/boat_bridge.egg-info/entry_points.txt
[0.670s] writing requirements to ../../build/boat_bridge/boat_bridge.egg-info/requires.txt
[0.670s] writing top-level names to ../../build/boat_bridge/boat_bridge.egg-info/top_level.txt
[0.670s] writing manifest file '../../build/boat_bridge/boat_bridge.egg-info/SOURCES.txt'
[0.672s] reading manifest file '../../build/boat_bridge/boat_bridge.egg-info/SOURCES.txt'
[0.672s] writing manifest file '../../build/boat_bridge/boat_bridge.egg-info/SOURCES.txt'
[0.672s] running build
[0.672s] running build_py
[0.672s] creating /home/pimpas/ros2_ws/build/boat_bridge/build
[0.672s] creating /home/pimpas/ros2_ws/build/boat_bridge/build/lib
[0.672s] creating /home/pimpas/ros2_ws/build/boat_bridge/build/lib/boat_bridge
[0.673s] copying boat_bridge/__init__.py -> /home/pimpas/ros2_ws/build/boat_bridge/build/lib/boat_bridge
[0.673s] copying boat_bridge/udp_receiver.py -> /home/pimpas/ros2_ws/build/boat_bridge/build/lib/boat_bridge
[0.673s] running install
[0.674s] running install_lib
[0.674s] creating /home/pimpas/ros2_ws/install/boat_bridge/lib/python3.10/site-packages/boat_bridge
[0.674s] copying /home/pimpas/ros2_ws/build/boat_bridge/build/lib/boat_bridge/__init__.py -> /home/pimpas/ros2_ws/install/boat_bridge/lib/python3.10/site-packages/boat_bridge
[0.675s] copying /home/pimpas/ros2_ws/build/boat_bridge/build/lib/boat_bridge/udp_receiver.py -> /home/pimpas/ros2_ws/install/boat_bridge/lib/python3.10/site-packages/boat_bridge
[0.675s] byte-compiling /home/pimpas/ros2_ws/install/boat_bridge/lib/python3.10/site-packages/boat_bridge/__init__.py to __init__.cpython-310.pyc
[0.675s] byte-compiling /home/pimpas/ros2_ws/install/boat_bridge/lib/python3.10/site-packages/boat_bridge/udp_receiver.py to udp_receiver.cpython-310.pyc
[0.676s] running install_data
[0.676s] creating /home/pimpas/ros2_ws/install/boat_bridge/share/ament_index
[0.676s] creating /home/pimpas/ros2_ws/install/boat_bridge/share/ament_index/resource_index
[0.676s] creating /home/pimpas/ros2_ws/install/boat_bridge/share/ament_index/resource_index/packages
[0.676s] copying resource/boat_bridge -> /home/pimpas/ros2_ws/install/boat_bridge/share/ament_index/resource_index/packages
[0.676s] copying package.xml -> /home/pimpas/ros2_ws/install/boat_bridge/share/boat_bridge
[0.676s] running install_egg_info
[0.678s] Copying ../../build/boat_bridge/boat_bridge.egg-info to /home/pimpas/ros2_ws/install/boat_bridge/lib/python3.10/site-packages/boat_bridge-0.0.0-py3.10.egg-info
[0.679s] running install_scripts
[0.692s] Installing udp_receiver script to /home/pimpas/ros2_ws/install/boat_bridge/lib/boat_bridge
[0.692s] writing list of installed files to '/home/pimpas/ros2_ws/build/boat_bridge/install.log'
[0.711s] Invoked command in '/home/pimpas/ros2_ws/src/boat_bridge' returned '0': PYTHONPATH=/home/pimpas/ros2_ws/build/boat_bridge/prefix_override:/usr/lib/python3/dist-packages/colcon_core/task/python/colcon_distutils_commands:/home/pimpas/ros2_ws/install/boat_bridge/lib/python3.10/site-packages:${PYTHONPATH} /usr/bin/python3 -W ignore:setup.py install is deprecated -W ignore:easy_install command is deprecated setup.py egg_info --egg-base ../../build/boat_bridge build --build-base /home/pimpas/ros2_ws/build/boat_bridge/build install --record /home/pimpas/ros2_ws/build/boat_bridge/install.log --single-version-externally-managed install_data
